{"contracts/interfaces/ITimelessMucha.sol":{"l":{},"path":"/Users/ryanwang/Documents/Github/timeless-mucha-core/contracts/interfaces/ITimelessMucha.sol","s":{},"b":{},"f":{},"fnMap":{},"statementMap":{},"branchMap":{}},"contracts/TimelessMucha.sol":{"l":{"89":96,"90":96,"91":96,"92":96,"93":96,"94":96,"95":96,"96":96,"97":96,"98":96,"99":96,"100":96,"101":96,"102":96,"103":96,"104":96,"105":96,"106":96,"107":96,"108":96,"109":96,"110":96,"111":96,"112":96,"113":96,"121":101,"123":12,"125":89,"129":23,"130":1,"132":22,"133":1,"135":21,"136":1,"138":20,"142":22,"143":1,"145":21,"146":1,"148":20,"149":1,"151":19,"155":22,"156":1,"158":21,"159":1,"161":20,"162":1,"164":19,"168":39,"169":1,"171":38,"172":1,"174":37,"175":1,"177":36,"181":38,"182":0,"184":38,"196":0,"215":16,"216":1,"219":15,"220":15,"238":20,"247":20,"248":4,"251":16,"252":1,"255":15,"256":1,"259":14,"260":1,"263":13,"264":1,"267":12,"268":1,"271":11,"273":11,"274":11,"288":19,"289":2,"292":17,"293":2,"296":15,"297":2,"300":13,"301":2,"304":11,"305":2,"308":9,"309":9,"322":19,"323":2,"326":17,"327":2,"330":15,"331":2,"334":13,"335":2,"338":11,"339":2,"342":9,"343":9,"358":36,"359":2,"362":34,"363":2,"366":32,"367":2,"370":30,"371":30,"372":30,"388":37,"389":37,"391":1,"393":36,"394":36,"395":300,"397":36,"409":33,"413":4,"415":29,"417":29,"432":28,"444":28,"445":28,"447":1,"449":27,"450":27,"451":230,"452":230,"454":27,"467":15,"479":4,"480":4,"481":1,"483":3,"484":3,"485":24,"486":24,"488":3,"500":2,"501":2,"502":2,"503":2,"504":1,"506":1,"507":1,"508":10,"509":2,"510":2,"511":2,"512":2,"513":10,"515":2,"516":2,"519":1,"520":1,"521":2,"523":1,"535":2,"536":2,"537":2,"538":2,"539":1,"541":1,"542":1,"543":10,"544":2,"545":2,"546":2,"547":2,"548":10,"550":2,"551":2,"554":1,"555":1,"556":2,"558":1,"571":3,"572":1,"574":2,"596":10,"597":1,"599":9,"600":9,"601":9,"619":10,"620":1,"622":9,"623":9,"624":9,"642":11,"643":1,"645":10,"646":10,"647":10,"671":9,"672":2,"674":7,"675":2,"677":5,"682":2,"684":3,"685":3,"686":3,"687":3,"688":3,"706":33,"707":1,"709":32,"710":32,"711":32,"730":9,"745":2,"760":2,"761":1,"763":1,"764":1,"765":2,"781":2,"782":1,"784":1,"785":1,"786":2,"798":3,"809":3,"810":3,"811":9,"823":6,"834":3,"835":3,"836":6,"856":1,"872":1,"883":1,"898":1,"913":36,"914":1,"916":35,"917":35,"918":1400,"930":2,"941":5,"952":5,"963":4,"974":2,"975":1,"977":1,"992":2,"993":0,"995":2,"1014":65,"1015":44,"1018":21,"1023":21,"1024":6},"path":"/Users/ryanwang/Documents/Github/timeless-mucha-core/contracts/TimelessMucha.sol","s":{"1":96,"2":96,"3":96,"4":96,"5":96,"6":96,"7":96,"8":96,"9":96,"10":96,"11":96,"12":96,"13":96,"14":96,"15":96,"16":96,"17":96,"18":96,"19":96,"20":96,"21":96,"22":96,"23":96,"24":96,"25":96,"26":101,"27":23,"28":22,"29":21,"30":22,"31":21,"32":20,"33":22,"34":21,"35":20,"36":39,"37":38,"38":37,"39":38,"40":0,"41":16,"42":15,"43":15,"44":20,"45":20,"46":16,"47":15,"48":14,"49":13,"50":12,"51":11,"52":11,"53":11,"54":19,"55":17,"56":15,"57":13,"58":11,"59":9,"60":9,"61":19,"62":17,"63":15,"64":13,"65":11,"66":9,"67":9,"68":36,"69":34,"70":32,"71":30,"72":30,"73":30,"74":37,"75":37,"76":1,"77":36,"78":36,"79":300,"80":36,"81":33,"82":4,"83":29,"84":29,"85":28,"86":28,"87":28,"88":1,"89":27,"90":27,"91":230,"92":230,"93":27,"94":15,"95":4,"96":4,"97":1,"98":3,"99":3,"100":24,"101":24,"102":3,"103":2,"104":2,"105":2,"106":2,"107":1,"108":1,"109":1,"110":10,"111":2,"112":2,"113":2,"114":2,"115":10,"116":2,"117":1,"118":1,"119":2,"120":1,"121":2,"122":2,"123":2,"124":2,"125":1,"126":1,"127":1,"128":10,"129":2,"130":2,"131":2,"132":2,"133":10,"134":2,"135":1,"136":1,"137":2,"138":1,"139":3,"140":2,"141":10,"142":9,"143":9,"144":9,"145":10,"146":9,"147":9,"148":9,"149":11,"150":10,"151":10,"152":10,"153":9,"154":7,"155":5,"156":3,"157":3,"158":3,"159":3,"160":3,"161":33,"162":32,"163":32,"164":32,"165":9,"166":2,"167":2,"168":1,"169":1,"170":2,"171":2,"172":1,"173":1,"174":2,"175":3,"176":3,"177":3,"178":9,"179":6,"180":3,"181":3,"182":6,"183":1,"184":1,"185":1,"186":1,"187":36,"188":35,"189":35,"190":1400,"191":2,"192":5,"193":5,"194":4,"195":2,"196":1,"197":2,"198":2,"199":65,"200":44,"201":21,"202":21},"b":{"1":[12,89],"2":[1,22],"3":[1,21],"4":[1,20],"5":[1,21],"6":[1,20],"7":[1,19],"8":[1,21],"9":[1,20],"10":[1,19],"11":[1,38],"12":[1,37],"13":[1,36],"14":[0,38],"15":[1,15],"16":[4,16],"17":[1,15],"18":[1,14],"19":[1,13],"20":[1,12],"21":[1,11],"22":[2,17],"23":[2,15],"24":[2,13],"25":[2,11],"26":[2,9],"27":[2,17],"28":[2,15],"29":[2,13],"30":[2,11],"31":[2,9],"32":[2,34],"33":[2,32],"34":[2,30],"35":[1,36],"36":[4,29],"37":[1,27],"38":[1,3],"39":[1,1],"40":[2,8],"41":[1,1],"42":[2,8],"43":[1,2],"44":[1,9],"45":[1,9],"46":[1,10],"47":[2,7],"48":[2,5],"49":[2,3],"50":[1,32],"51":[1,1],"52":[1,1],"53":[1,35],"54":[1,1],"55":[0,2],"56":[44,21],"57":[6,15]},"f":{"1":96,"2":101,"3":23,"4":22,"5":22,"6":39,"7":38,"8":0,"9":16,"10":20,"11":19,"12":19,"13":36,"14":37,"15":33,"16":28,"17":28,"18":15,"19":4,"20":2,"21":2,"22":3,"23":10,"24":10,"25":11,"26":9,"27":33,"28":9,"29":2,"30":2,"31":2,"32":3,"33":3,"34":6,"35":3,"36":1,"37":1,"38":1,"39":1,"40":36,"41":2,"42":5,"43":5,"44":4,"45":2,"46":2,"47":65},"fnMap":{"1":{"name":"constructor","line":87,"loc":{"start":{"line":86,"column":4},"end":{"line":114,"column":4}}},"2":{"name":"onlyAuthorized","line":120,"loc":{"start":{"line":120,"column":4},"end":{"line":126,"column":4}}},"3":{"name":"whitelistMintActive","line":128,"loc":{"start":{"line":128,"column":4},"end":{"line":139,"column":4}}},"4":{"name":"publicMintActive","line":141,"loc":{"start":{"line":141,"column":4},"end":{"line":152,"column":4}}},"5":{"name":"dutchAuctionMintActive","line":154,"loc":{"start":{"line":154,"column":4},"end":{"line":165,"column":4}}},"6":{"name":"printPhaseActive","line":167,"loc":{"start":{"line":167,"column":4},"end":{"line":178,"column":4}}},"7":{"name":"callerIsUser","line":180,"loc":{"start":{"line":180,"column":4},"end":{"line":185,"column":4}}},"8":{"name":"supportsInterface","line":190,"loc":{"start":{"line":190,"column":4},"end":{"line":197,"column":4}}},"9":{"name":"mintGiveawayGenesisPapers","line":213,"loc":{"start":{"line":207,"column":4},"end":{"line":221,"column":4}}},"10":{"name":"mintWhitelistGenesisPapers","line":236,"loc":{"start":{"line":228,"column":4},"end":{"line":275,"column":4}}},"11":{"name":"mintPublicGenesisPapers","line":285,"loc":{"start":{"line":280,"column":4},"end":{"line":310,"column":4}}},"12":{"name":"mintDutchAuctionGenesisPapers","line":320,"loc":{"start":{"line":315,"column":4},"end":{"line":344,"column":4}}},"13":{"name":"printGenesisPapers","line":356,"loc":{"start":{"line":350,"column":4},"end":{"line":373,"column":4}}},"14":{"name":"tokensOfOwner","line":382,"loc":{"start":{"line":382,"column":4},"end":{"line":399,"column":4}}},"15":{"name":"getDutchAuctionPrice","line":403,"loc":{"start":{"line":403,"column":4},"end":{"line":421,"column":4}}},"16":{"name":"getTokenPrintStatus","line":426,"loc":{"start":{"line":426,"column":4},"end":{"line":433,"column":4}}},"17":{"name":"getTokenPrintStatusByOwner","line":438,"loc":{"start":{"line":438,"column":4},"end":{"line":456,"column":4}}},"18":{"name":"getTokenValidStatus","line":461,"loc":{"start":{"line":461,"column":4},"end":{"line":468,"column":4}}},"19":{"name":"getTokenValidStatusByOwner","line":473,"loc":{"start":{"line":473,"column":4},"end":{"line":490,"column":4}}},"20":{"name":"getAllHolders","line":494,"loc":{"start":{"line":494,"column":4},"end":{"line":525,"column":4}}},"21":{"name":"getAllHoldersInfo","line":529,"loc":{"start":{"line":529,"column":4},"end":{"line":560,"column":4}}},"22":{"name":"tokenURI","line":565,"loc":{"start":{"line":565,"column":1},"end":{"line":575,"column":1}}},"23":{"name":"setWhitelistMintPhase","line":594,"loc":{"start":{"line":587,"column":4},"end":{"line":602,"column":4}}},"24":{"name":"setPublicMintPhase","line":617,"loc":{"start":{"line":610,"column":4},"end":{"line":625,"column":4}}},"25":{"name":"setDutchAuctionMintPhase","line":640,"loc":{"start":{"line":633,"column":4},"end":{"line":648,"column":4}}},"26":{"name":"setDutchAuctionSaleInfo","line":669,"loc":{"start":{"line":660,"column":4},"end":{"line":689,"column":4}}},"27":{"name":"setPrintPhase","line":704,"loc":{"start":{"line":697,"column":4},"end":{"line":712,"column":4}}},"28":{"name":"setAuthorized","line":728,"loc":{"start":{"line":722,"column":4},"end":{"line":731,"column":4}}},"29":{"name":"setSigner","line":743,"loc":{"start":{"line":737,"column":4},"end":{"line":746,"column":4}}},"30":{"name":"setAuthorizedInBatch","line":758,"loc":{"start":{"line":752,"column":4},"end":{"line":767,"column":4}}},"31":{"name":"setSignerInBatch","line":779,"loc":{"start":{"line":773,"column":4},"end":{"line":788,"column":4}}},"32":{"name":"setTokenInvalid","line":796,"loc":{"start":{"line":793,"column":4},"end":{"line":799,"column":4}}},"33":{"name":"setTokenInvalidInBatch","line":807,"loc":{"start":{"line":804,"column":4},"end":{"line":813,"column":4}}},"34":{"name":"setTokenValid","line":821,"loc":{"start":{"line":818,"column":4},"end":{"line":824,"column":4}}},"35":{"name":"setTokenValidInBatch","line":832,"loc":{"start":{"line":829,"column":4},"end":{"line":838,"column":4}}},"36":{"name":"setDefaultRoyalty","line":854,"loc":{"start":{"line":848,"column":4},"end":{"line":857,"column":4}}},"37":{"name":"setTokenRoyalty","line":870,"loc":{"start":{"line":863,"column":4},"end":{"line":873,"column":4}}},"38":{"name":"setBaseURI","line":881,"loc":{"start":{"line":878,"column":4},"end":{"line":884,"column":4}}},"39":{"name":"setArtworkEditionMaxLimit","line":896,"loc":{"start":{"line":890,"column":4},"end":{"line":899,"column":4}}},"40":{"name":"setArtworkEditionMaxLimitInBatch","line":911,"loc":{"start":{"line":905,"column":4},"end":{"line":920,"column":4}}},"41":{"name":"setGenesisPapersPrice","line":928,"loc":{"start":{"line":925,"column":4},"end":{"line":931,"column":4}}},"42":{"name":"setMaxGenesisPapersAmount","line":939,"loc":{"start":{"line":936,"column":4},"end":{"line":942,"column":4}}},"43":{"name":"setMaxGenesisPapersTierAmount","line":950,"loc":{"start":{"line":947,"column":4},"end":{"line":953,"column":4}}},"44":{"name":"setMaxGenesisPapersPerTx","line":961,"loc":{"start":{"line":958,"column":4},"end":{"line":964,"column":4}}},"45":{"name":"setTreasury","line":972,"loc":{"start":{"line":969,"column":4},"end":{"line":978,"column":4}}},"46":{"name":"withdraw","line":990,"loc":{"start":{"line":987,"column":4},"end":{"line":996,"column":4}}},"47":{"name":"_beforeTokenTransfers","line":1005,"loc":{"start":{"line":1005,"column":4},"end":{"line":1027,"column":4}}}},"statementMap":{"1":{"start":{"line":89,"column":8},"end":{"line":89,"column":58}},"2":{"start":{"line":90,"column":8},"end":{"line":90,"column":31}},"3":{"start":{"line":91,"column":8},"end":{"line":91,"column":38}},"4":{"start":{"line":92,"column":8},"end":{"line":92,"column":42}},"5":{"start":{"line":93,"column":8},"end":{"line":93,"column":37}},"6":{"start":{"line":94,"column":8},"end":{"line":94,"column":39}},"7":{"start":{"line":95,"column":8},"end":{"line":95,"column":45}},"8":{"start":{"line":96,"column":8},"end":{"line":96,"column":53}},"9":{"start":{"line":97,"column":8},"end":{"line":97,"column":52}},"10":{"start":{"line":98,"column":8},"end":{"line":98,"column":53}},"11":{"start":{"line":99,"column":8},"end":{"line":99,"column":48}},"12":{"start":{"line":100,"column":8},"end":{"line":100,"column":52}},"13":{"start":{"line":101,"column":8},"end":{"line":101,"column":60}},"14":{"start":{"line":102,"column":8},"end":{"line":102,"column":49}},"15":{"start":{"line":103,"column":8},"end":{"line":103,"column":57}},"16":{"start":{"line":104,"column":8},"end":{"line":104,"column":55}},"17":{"start":{"line":105,"column":8},"end":{"line":105,"column":63}},"18":{"start":{"line":106,"column":8},"end":{"line":106,"column":44}},"19":{"start":{"line":107,"column":8},"end":{"line":107,"column":52}},"20":{"start":{"line":108,"column":8},"end":{"line":108,"column":34}},"21":{"start":{"line":109,"column":8},"end":{"line":109,"column":31}},"22":{"start":{"line":110,"column":8},"end":{"line":110,"column":37}},"23":{"start":{"line":111,"column":8},"end":{"line":111,"column":31}},"24":{"start":{"line":112,"column":8},"end":{"line":112,"column":25}},"25":{"start":{"line":113,"column":8},"end":{"line":113,"column":40}},"26":{"start":{"line":121,"column":8},"end":{"line":121,"column":4127}},"27":{"start":{"line":129,"column":8},"end":{"line":129,"column":4306}},"28":{"start":{"line":132,"column":8},"end":{"line":132,"column":4411}},"29":{"start":{"line":135,"column":8},"end":{"line":135,"column":4509}},"30":{"start":{"line":142,"column":8},"end":{"line":142,"column":4646}},"31":{"start":{"line":145,"column":8},"end":{"line":145,"column":4748}},"32":{"start":{"line":148,"column":8},"end":{"line":148,"column":4843}},"33":{"start":{"line":155,"column":8},"end":{"line":155,"column":4983}},"34":{"start":{"line":158,"column":8},"end":{"line":158,"column":5091}},"35":{"start":{"line":161,"column":8},"end":{"line":161,"column":5192}},"36":{"start":{"line":168,"column":8},"end":{"line":168,"column":5332}},"37":{"start":{"line":171,"column":8},"end":{"line":171,"column":5429}},"38":{"start":{"line":174,"column":8},"end":{"line":174,"column":5519}},"39":{"start":{"line":181,"column":8},"end":{"line":181,"column":5649}},"40":{"start":{"line":196,"column":8},"end":{"line":196,"column":51}},"41":{"start":{"line":215,"column":8},"end":{"line":215,"column":6578}},"42":{"start":{"line":219,"column":8},"end":{"line":219,"column":32}},"43":{"start":{"line":220,"column":8},"end":{"line":220,"column":60}},"44":{"start":{"line":238,"column":8},"end":{"line":238,"column":7373}},"45":{"start":{"line":247,"column":8},"end":{"line":247,"column":7591}},"46":{"start":{"line":251,"column":8},"end":{"line":251,"column":7698}},"47":{"start":{"line":255,"column":8},"end":{"line":255,"column":7831}},"48":{"start":{"line":259,"column":8},"end":{"line":259,"column":7956}},"49":{"start":{"line":263,"column":8},"end":{"line":263,"column":8033}},"50":{"start":{"line":267,"column":8},"end":{"line":267,"column":8142}},"51":{"start":{"line":271,"column":8},"end":{"line":271,"column":48}},"52":{"start":{"line":273,"column":8},"end":{"line":273,"column":40}},"53":{"start":{"line":274,"column":8},"end":{"line":274,"column":68}},"54":{"start":{"line":288,"column":8},"end":{"line":288,"column":8741}},"55":{"start":{"line":292,"column":8},"end":{"line":292,"column":8874}},"56":{"start":{"line":296,"column":8},"end":{"line":296,"column":8999}},"57":{"start":{"line":300,"column":8},"end":{"line":300,"column":9076}},"58":{"start":{"line":304,"column":8},"end":{"line":304,"column":9185}},"59":{"start":{"line":308,"column":8},"end":{"line":308,"column":40}},"60":{"start":{"line":309,"column":8},"end":{"line":309,"column":68}},"61":{"start":{"line":322,"column":8},"end":{"line":322,"column":9736}},"62":{"start":{"line":326,"column":8},"end":{"line":326,"column":9869}},"63":{"start":{"line":330,"column":8},"end":{"line":330,"column":9994}},"64":{"start":{"line":334,"column":8},"end":{"line":334,"column":10071}},"65":{"start":{"line":338,"column":8},"end":{"line":338,"column":10180}},"66":{"start":{"line":342,"column":8},"end":{"line":342,"column":40}},"67":{"start":{"line":343,"column":8},"end":{"line":343,"column":68}},"68":{"start":{"line":358,"column":8},"end":{"line":358,"column":10741}},"69":{"start":{"line":362,"column":8},"end":{"line":362,"column":10834}},"70":{"start":{"line":366,"column":8},"end":{"line":366,"column":10974}},"71":{"start":{"line":370,"column":8},"end":{"line":370,"column":43}},"72":{"start":{"line":371,"column":8},"end":{"line":371,"column":87}},"73":{"start":{"line":372,"column":8},"end":{"line":372,"column":39}},"74":{"start":{"line":388,"column":8},"end":{"line":388,"column":45}},"75":{"start":{"line":389,"column":8},"end":{"line":389,"column":11680}},"76":{"start":{"line":391,"column":12},"end":{"line":391,"column":35}},"77":{"start":{"line":393,"column":12},"end":{"line":393,"column":63}},"78":{"start":{"line":394,"column":12},"end":{"line":394,"column":11875}},"79":{"start":{"line":395,"column":16},"end":{"line":395,"column":64}},"80":{"start":{"line":397,"column":12},"end":{"line":397,"column":25}},"81":{"start":{"line":409,"column":8},"end":{"line":409,"column":12248}},"82":{"start":{"line":413,"column":12},"end":{"line":413,"column":53}},"83":{"start":{"line":415,"column":12},"end":{"line":415,"column":121}},"84":{"start":{"line":417,"column":12},"end":{"line":417,"column":12662}},"85":{"start":{"line":432,"column":8},"end":{"line":432,"column":41}},"86":{"start":{"line":444,"column":8},"end":{"line":444,"column":45}},"87":{"start":{"line":445,"column":8},"end":{"line":445,"column":13526}},"88":{"start":{"line":447,"column":12},"end":{"line":447,"column":32}},"89":{"start":{"line":449,"column":12},"end":{"line":449,"column":57}},"90":{"start":{"line":450,"column":12},"end":{"line":450,"column":13712}},"91":{"start":{"line":451,"column":16},"end":{"line":451,"column":67}},"92":{"start":{"line":452,"column":16},"end":{"line":452,"column":57}},"93":{"start":{"line":454,"column":12},"end":{"line":454,"column":25}},"94":{"start":{"line":467,"column":8},"end":{"line":467,"column":42}},"95":{"start":{"line":479,"column":8},"end":{"line":479,"column":45}},"96":{"start":{"line":480,"column":8},"end":{"line":480,"column":14679}},"97":{"start":{"line":481,"column":12},"end":{"line":481,"column":32}},"98":{"start":{"line":483,"column":12},"end":{"line":483,"column":57}},"99":{"start":{"line":484,"column":12},"end":{"line":484,"column":14828}},"100":{"start":{"line":485,"column":16},"end":{"line":485,"column":67}},"101":{"start":{"line":486,"column":16},"end":{"line":486,"column":58}},"102":{"start":{"line":488,"column":12},"end":{"line":488,"column":25}},"103":{"start":{"line":500,"column":8},"end":{"line":500,"column":31}},"104":{"start":{"line":501,"column":8},"end":{"line":501,"column":42}},"105":{"start":{"line":502,"column":8},"end":{"line":502,"column":57}},"106":{"start":{"line":503,"column":8},"end":{"line":503,"column":15407}},"107":{"start":{"line":504,"column":12},"end":{"line":504,"column":35}},"108":{"start":{"line":506,"column":12},"end":{"line":506,"column":61}},"109":{"start":{"line":507,"column":12},"end":{"line":507,"column":15563}},"110":{"start":{"line":508,"column":16},"end":{"line":508,"column":15638}},"111":{"start":{"line":509,"column":20},"end":{"line":509,"column":50}},"112":{"start":{"line":510,"column":20},"end":{"line":510,"column":59}},"113":{"start":{"line":511,"column":20},"end":{"line":511,"column":68}},"114":{"start":{"line":512,"column":20},"end":{"line":512,"column":15877}},"115":{"start":{"line":513,"column":24},"end":{"line":513,"column":55}},"116":{"start":{"line":515,"column":20},"end":{"line":515,"column":44}},"117":{"start":{"line":519,"column":12},"end":{"line":519,"column":64}},"118":{"start":{"line":520,"column":12},"end":{"line":520,"column":16192}},"119":{"start":{"line":521,"column":16},"end":{"line":521,"column":42}},"120":{"start":{"line":523,"column":12},"end":{"line":523,"column":25}},"121":{"start":{"line":535,"column":8},"end":{"line":535,"column":31}},"122":{"start":{"line":536,"column":8},"end":{"line":536,"column":42}},"123":{"start":{"line":537,"column":8},"end":{"line":537,"column":57}},"124":{"start":{"line":538,"column":8},"end":{"line":538,"column":16723}},"125":{"start":{"line":539,"column":12},"end":{"line":539,"column":38}},"126":{"start":{"line":541,"column":12},"end":{"line":541,"column":67}},"127":{"start":{"line":542,"column":12},"end":{"line":542,"column":16888}},"128":{"start":{"line":543,"column":16},"end":{"line":543,"column":16963}},"129":{"start":{"line":544,"column":20},"end":{"line":544,"column":50}},"130":{"start":{"line":545,"column":20},"end":{"line":545,"column":59}},"131":{"start":{"line":546,"column":20},"end":{"line":546,"column":68}},"132":{"start":{"line":547,"column":20},"end":{"line":547,"column":17202}},"133":{"start":{"line":548,"column":24},"end":{"line":548,"column":55}},"134":{"start":{"line":550,"column":20},"end":{"line":550,"column":80}},"135":{"start":{"line":554,"column":12},"end":{"line":554,"column":70}},"136":{"start":{"line":555,"column":12},"end":{"line":555,"column":17559}},"137":{"start":{"line":556,"column":16},"end":{"line":556,"column":42}},"138":{"start":{"line":558,"column":12},"end":{"line":558,"column":25}},"139":{"start":{"line":571,"column":8},"end":{"line":571,"column":18001}},"140":{"start":{"line":574,"column":2},"end":{"line":574,"column":62}},"141":{"start":{"line":596,"column":8},"end":{"line":596,"column":18955}},"142":{"start":{"line":599,"column":8},"end":{"line":599,"column":67}},"143":{"start":{"line":600,"column":8},"end":{"line":600,"column":63}},"144":{"start":{"line":601,"column":8},"end":{"line":601,"column":57}},"145":{"start":{"line":619,"column":8},"end":{"line":619,"column":19968}},"146":{"start":{"line":622,"column":8},"end":{"line":622,"column":61}},"147":{"start":{"line":623,"column":8},"end":{"line":623,"column":57}},"148":{"start":{"line":624,"column":8},"end":{"line":624,"column":51}},"149":{"start":{"line":642,"column":8},"end":{"line":642,"column":21003}},"150":{"start":{"line":645,"column":8},"end":{"line":645,"column":73}},"151":{"start":{"line":646,"column":8},"end":{"line":646,"column":69}},"152":{"start":{"line":647,"column":8},"end":{"line":647,"column":57}},"153":{"start":{"line":671,"column":8},"end":{"line":671,"column":22469}},"154":{"start":{"line":674,"column":8},"end":{"line":674,"column":22581}},"155":{"start":{"line":677,"column":8},"end":{"line":677,"column":22758}},"156":{"start":{"line":684,"column":8},"end":{"line":684,"column":65}},"157":{"start":{"line":685,"column":8},"end":{"line":685,"column":69}},"158":{"start":{"line":686,"column":8},"end":{"line":686,"column":65}},"159":{"start":{"line":687,"column":8},"end":{"line":687,"column":67}},"160":{"start":{"line":688,"column":8},"end":{"line":688,"column":75}},"161":{"start":{"line":706,"column":8},"end":{"line":706,"column":23976}},"162":{"start":{"line":709,"column":8},"end":{"line":709,"column":51}},"163":{"start":{"line":710,"column":8},"end":{"line":710,"column":47}},"164":{"start":{"line":711,"column":8},"end":{"line":711,"column":46}},"165":{"start":{"line":730,"column":8},"end":{"line":730,"column":60}},"166":{"start":{"line":745,"column":8},"end":{"line":745,"column":48}},"167":{"start":{"line":760,"column":8},"end":{"line":760,"column":25699}},"168":{"start":{"line":763,"column":8},"end":{"line":763,"column":58}},"169":{"start":{"line":764,"column":8},"end":{"line":764,"column":25883}},"170":{"start":{"line":765,"column":12},"end":{"line":765,"column":88}},"171":{"start":{"line":781,"column":8},"end":{"line":781,"column":26475}},"172":{"start":{"line":784,"column":8},"end":{"line":784,"column":54}},"173":{"start":{"line":785,"column":8},"end":{"line":785,"column":26647}},"174":{"start":{"line":786,"column":12},"end":{"line":786,"column":76}},"175":{"start":{"line":798,"column":8},"end":{"line":798,"column":34}},"176":{"start":{"line":809,"column":8},"end":{"line":809,"column":44}},"177":{"start":{"line":810,"column":8},"end":{"line":810,"column":27457}},"178":{"start":{"line":811,"column":12},"end":{"line":811,"column":46}},"179":{"start":{"line":823,"column":8},"end":{"line":823,"column":36}},"180":{"start":{"line":834,"column":8},"end":{"line":834,"column":44}},"181":{"start":{"line":835,"column":8},"end":{"line":835,"column":28225}},"182":{"start":{"line":836,"column":12},"end":{"line":836,"column":48}},"183":{"start":{"line":856,"column":8},"end":{"line":856,"column":49}},"184":{"start":{"line":872,"column":8},"end":{"line":872,"column":56}},"185":{"start":{"line":883,"column":8},"end":{"line":883,"column":27}},"186":{"start":{"line":898,"column":8},"end":{"line":898,"column":41}},"187":{"start":{"line":913,"column":8},"end":{"line":913,"column":30619}},"188":{"start":{"line":916,"column":8},"end":{"line":916,"column":39}},"189":{"start":{"line":917,"column":8},"end":{"line":917,"column":30751}},"190":{"start":{"line":918,"column":12},"end":{"line":918,"column":61}},"191":{"start":{"line":930,"column":8},"end":{"line":930,"column":37}},"192":{"start":{"line":941,"column":8},"end":{"line":941,"column":57}},"193":{"start":{"line":952,"column":8},"end":{"line":952,"column":65}},"194":{"start":{"line":963,"column":8},"end":{"line":963,"column":55}},"195":{"start":{"line":974,"column":8},"end":{"line":974,"column":32558}},"196":{"start":{"line":977,"column":8},"end":{"line":977,"column":36}},"197":{"start":{"line":992,"column":8},"end":{"line":992,"column":33067}},"198":{"start":{"line":995,"column":8},"end":{"line":995,"column":41}},"199":{"start":{"line":1014,"column":8},"end":{"line":1014,"column":33749}},"200":{"start":{"line":1015,"column":12},"end":{"line":1015,"column":18}},"201":{"start":{"line":1018,"column":8},"end":{"line":1018,"column":33834}},"202":{"start":{"line":1023,"column":12},"end":{"line":1023,"column":33981}}},"branchMap":{"1":{"line":121,"type":"if","locations":[{"start":{"line":121,"column":8},"end":{"line":121,"column":8}},{"start":{"line":121,"column":8},"end":{"line":121,"column":8}}]},"2":{"line":129,"type":"if","locations":[{"start":{"line":129,"column":8},"end":{"line":129,"column":8}},{"start":{"line":129,"column":8},"end":{"line":129,"column":8}}]},"3":{"line":132,"type":"if","locations":[{"start":{"line":132,"column":8},"end":{"line":132,"column":8}},{"start":{"line":132,"column":8},"end":{"line":132,"column":8}}]},"4":{"line":135,"type":"if","locations":[{"start":{"line":135,"column":8},"end":{"line":135,"column":8}},{"start":{"line":135,"column":8},"end":{"line":135,"column":8}}]},"5":{"line":142,"type":"if","locations":[{"start":{"line":142,"column":8},"end":{"line":142,"column":8}},{"start":{"line":142,"column":8},"end":{"line":142,"column":8}}]},"6":{"line":145,"type":"if","locations":[{"start":{"line":145,"column":8},"end":{"line":145,"column":8}},{"start":{"line":145,"column":8},"end":{"line":145,"column":8}}]},"7":{"line":148,"type":"if","locations":[{"start":{"line":148,"column":8},"end":{"line":148,"column":8}},{"start":{"line":148,"column":8},"end":{"line":148,"column":8}}]},"8":{"line":155,"type":"if","locations":[{"start":{"line":155,"column":8},"end":{"line":155,"column":8}},{"start":{"line":155,"column":8},"end":{"line":155,"column":8}}]},"9":{"line":158,"type":"if","locations":[{"start":{"line":158,"column":8},"end":{"line":158,"column":8}},{"start":{"line":158,"column":8},"end":{"line":158,"column":8}}]},"10":{"line":161,"type":"if","locations":[{"start":{"line":161,"column":8},"end":{"line":161,"column":8}},{"start":{"line":161,"column":8},"end":{"line":161,"column":8}}]},"11":{"line":168,"type":"if","locations":[{"start":{"line":168,"column":8},"end":{"line":168,"column":8}},{"start":{"line":168,"column":8},"end":{"line":168,"column":8}}]},"12":{"line":171,"type":"if","locations":[{"start":{"line":171,"column":8},"end":{"line":171,"column":8}},{"start":{"line":171,"column":8},"end":{"line":171,"column":8}}]},"13":{"line":174,"type":"if","locations":[{"start":{"line":174,"column":8},"end":{"line":174,"column":8}},{"start":{"line":174,"column":8},"end":{"line":174,"column":8}}]},"14":{"line":181,"type":"if","locations":[{"start":{"line":181,"column":8},"end":{"line":181,"column":8}},{"start":{"line":181,"column":8},"end":{"line":181,"column":8}}]},"15":{"line":215,"type":"if","locations":[{"start":{"line":215,"column":8},"end":{"line":215,"column":8}},{"start":{"line":215,"column":8},"end":{"line":215,"column":8}}]},"16":{"line":247,"type":"if","locations":[{"start":{"line":247,"column":8},"end":{"line":247,"column":8}},{"start":{"line":247,"column":8},"end":{"line":247,"column":8}}]},"17":{"line":251,"type":"if","locations":[{"start":{"line":251,"column":8},"end":{"line":251,"column":8}},{"start":{"line":251,"column":8},"end":{"line":251,"column":8}}]},"18":{"line":255,"type":"if","locations":[{"start":{"line":255,"column":8},"end":{"line":255,"column":8}},{"start":{"line":255,"column":8},"end":{"line":255,"column":8}}]},"19":{"line":259,"type":"if","locations":[{"start":{"line":259,"column":8},"end":{"line":259,"column":8}},{"start":{"line":259,"column":8},"end":{"line":259,"column":8}}]},"20":{"line":263,"type":"if","locations":[{"start":{"line":263,"column":8},"end":{"line":263,"column":8}},{"start":{"line":263,"column":8},"end":{"line":263,"column":8}}]},"21":{"line":267,"type":"if","locations":[{"start":{"line":267,"column":8},"end":{"line":267,"column":8}},{"start":{"line":267,"column":8},"end":{"line":267,"column":8}}]},"22":{"line":288,"type":"if","locations":[{"start":{"line":288,"column":8},"end":{"line":288,"column":8}},{"start":{"line":288,"column":8},"end":{"line":288,"column":8}}]},"23":{"line":292,"type":"if","locations":[{"start":{"line":292,"column":8},"end":{"line":292,"column":8}},{"start":{"line":292,"column":8},"end":{"line":292,"column":8}}]},"24":{"line":296,"type":"if","locations":[{"start":{"line":296,"column":8},"end":{"line":296,"column":8}},{"start":{"line":296,"column":8},"end":{"line":296,"column":8}}]},"25":{"line":300,"type":"if","locations":[{"start":{"line":300,"column":8},"end":{"line":300,"column":8}},{"start":{"line":300,"column":8},"end":{"line":300,"column":8}}]},"26":{"line":304,"type":"if","locations":[{"start":{"line":304,"column":8},"end":{"line":304,"column":8}},{"start":{"line":304,"column":8},"end":{"line":304,"column":8}}]},"27":{"line":322,"type":"if","locations":[{"start":{"line":322,"column":8},"end":{"line":322,"column":8}},{"start":{"line":322,"column":8},"end":{"line":322,"column":8}}]},"28":{"line":326,"type":"if","locations":[{"start":{"line":326,"column":8},"end":{"line":326,"column":8}},{"start":{"line":326,"column":8},"end":{"line":326,"column":8}}]},"29":{"line":330,"type":"if","locations":[{"start":{"line":330,"column":8},"end":{"line":330,"column":8}},{"start":{"line":330,"column":8},"end":{"line":330,"column":8}}]},"30":{"line":334,"type":"if","locations":[{"start":{"line":334,"column":8},"end":{"line":334,"column":8}},{"start":{"line":334,"column":8},"end":{"line":334,"column":8}}]},"31":{"line":338,"type":"if","locations":[{"start":{"line":338,"column":8},"end":{"line":338,"column":8}},{"start":{"line":338,"column":8},"end":{"line":338,"column":8}}]},"32":{"line":358,"type":"if","locations":[{"start":{"line":358,"column":8},"end":{"line":358,"column":8}},{"start":{"line":358,"column":8},"end":{"line":358,"column":8}}]},"33":{"line":362,"type":"if","locations":[{"start":{"line":362,"column":8},"end":{"line":362,"column":8}},{"start":{"line":362,"column":8},"end":{"line":362,"column":8}}]},"34":{"line":366,"type":"if","locations":[{"start":{"line":366,"column":8},"end":{"line":366,"column":8}},{"start":{"line":366,"column":8},"end":{"line":366,"column":8}}]},"35":{"line":389,"type":"if","locations":[{"start":{"line":389,"column":8},"end":{"line":389,"column":8}},{"start":{"line":389,"column":8},"end":{"line":389,"column":8}}]},"36":{"line":409,"type":"if","locations":[{"start":{"line":409,"column":8},"end":{"line":409,"column":8}},{"start":{"line":409,"column":8},"end":{"line":409,"column":8}}]},"37":{"line":445,"type":"if","locations":[{"start":{"line":445,"column":8},"end":{"line":445,"column":8}},{"start":{"line":445,"column":8},"end":{"line":445,"column":8}}]},"38":{"line":480,"type":"if","locations":[{"start":{"line":480,"column":8},"end":{"line":480,"column":8}},{"start":{"line":480,"column":8},"end":{"line":480,"column":8}}]},"39":{"line":503,"type":"if","locations":[{"start":{"line":503,"column":8},"end":{"line":503,"column":8}},{"start":{"line":503,"column":8},"end":{"line":503,"column":8}}]},"40":{"line":508,"type":"if","locations":[{"start":{"line":508,"column":16},"end":{"line":508,"column":16}},{"start":{"line":508,"column":16},"end":{"line":508,"column":16}}]},"41":{"line":538,"type":"if","locations":[{"start":{"line":538,"column":8},"end":{"line":538,"column":8}},{"start":{"line":538,"column":8},"end":{"line":538,"column":8}}]},"42":{"line":543,"type":"if","locations":[{"start":{"line":543,"column":16},"end":{"line":543,"column":16}},{"start":{"line":543,"column":16},"end":{"line":543,"column":16}}]},"43":{"line":571,"type":"if","locations":[{"start":{"line":571,"column":8},"end":{"line":571,"column":8}},{"start":{"line":571,"column":8},"end":{"line":571,"column":8}}]},"44":{"line":596,"type":"if","locations":[{"start":{"line":596,"column":8},"end":{"line":596,"column":8}},{"start":{"line":596,"column":8},"end":{"line":596,"column":8}}]},"45":{"line":619,"type":"if","locations":[{"start":{"line":619,"column":8},"end":{"line":619,"column":8}},{"start":{"line":619,"column":8},"end":{"line":619,"column":8}}]},"46":{"line":642,"type":"if","locations":[{"start":{"line":642,"column":8},"end":{"line":642,"column":8}},{"start":{"line":642,"column":8},"end":{"line":642,"column":8}}]},"47":{"line":671,"type":"if","locations":[{"start":{"line":671,"column":8},"end":{"line":671,"column":8}},{"start":{"line":671,"column":8},"end":{"line":671,"column":8}}]},"48":{"line":674,"type":"if","locations":[{"start":{"line":674,"column":8},"end":{"line":674,"column":8}},{"start":{"line":674,"column":8},"end":{"line":674,"column":8}}]},"49":{"line":677,"type":"if","locations":[{"start":{"line":677,"column":8},"end":{"line":677,"column":8}},{"start":{"line":677,"column":8},"end":{"line":677,"column":8}}]},"50":{"line":706,"type":"if","locations":[{"start":{"line":706,"column":8},"end":{"line":706,"column":8}},{"start":{"line":706,"column":8},"end":{"line":706,"column":8}}]},"51":{"line":760,"type":"if","locations":[{"start":{"line":760,"column":8},"end":{"line":760,"column":8}},{"start":{"line":760,"column":8},"end":{"line":760,"column":8}}]},"52":{"line":781,"type":"if","locations":[{"start":{"line":781,"column":8},"end":{"line":781,"column":8}},{"start":{"line":781,"column":8},"end":{"line":781,"column":8}}]},"53":{"line":913,"type":"if","locations":[{"start":{"line":913,"column":8},"end":{"line":913,"column":8}},{"start":{"line":913,"column":8},"end":{"line":913,"column":8}}]},"54":{"line":974,"type":"if","locations":[{"start":{"line":974,"column":8},"end":{"line":974,"column":8}},{"start":{"line":974,"column":8},"end":{"line":974,"column":8}}]},"55":{"line":992,"type":"if","locations":[{"start":{"line":992,"column":8},"end":{"line":992,"column":8}},{"start":{"line":992,"column":8},"end":{"line":992,"column":8}}]},"56":{"line":1014,"type":"if","locations":[{"start":{"line":1014,"column":8},"end":{"line":1014,"column":8}},{"start":{"line":1014,"column":8},"end":{"line":1014,"column":8}}]},"57":{"line":1023,"type":"if","locations":[{"start":{"line":1023,"column":12},"end":{"line":1023,"column":12}},{"start":{"line":1023,"column":12},"end":{"line":1023,"column":12}}]}}}}